<?xml version="1.0" encoding="UTF-8"?>
<!-- Generated by org.testng.reporters.JUnitReportReporter -->
<testsuite hostname="DESKTOP-T2SQGGR" failures="0" tests="4" name="com.nocomerce.user.Level_02_Apply_BasePage_I" time="13.050" errors="0" timestamp="03 Nov 2021 16:34:57 GMT" skipped="0">
  <testcase classname="com.nocomerce.user.Level_02_Apply_BasePage_I" name="User_01_Regpister_Exiting_Email" time="2.263"/>
  <testcase classname="com.nocomerce.user.Level_02_Apply_BasePage_I" name="User_01_Register_Empty_Data" time="2.119"/>
  <testcase classname="com.nocomerce.user.Level_02_Apply_BasePage_I" name="User_01_Register_Invalid_Email" time="1.940"/>
  <testcase classname="com.nocomerce.user.Level_02_Apply_BasePage_I" name="User_01_Register_Success" time="6.728"/>
</testsuite> <!-- com.nocomerce.user.Level_02_Apply_BasePage_I -->
