<?xml version="1.0" encoding="UTF-8"?>
<!-- Generated by org.testng.reporters.JUnitReportReporter -->
<testsuite hostname="DESKTOP-T2SQGGR" failures="0" tests="4" name="com.nocomerce.user.User_01_Register_Login" time="11.304" errors="0" timestamp="03 Nov 2021 16:01:36 GMT" skipped="0">
  <testcase classname="com.nocomerce.user.User_01_Register_Login" name="User_01_Regpister_Exiting_Email" time="2.360"/>
  <testcase classname="com.nocomerce.user.User_01_Register_Login" name="User_01_Register_Empty_Data" time="2.235"/>
  <testcase classname="com.nocomerce.user.User_01_Register_Login" name="User_01_Register_Invalid_Email" time="1.950"/>
  <testcase classname="com.nocomerce.user.User_01_Register_Login" name="User_01_Register_Success" time="4.759"/>
</testsuite> <!-- com.nocomerce.user.User_01_Register_Login -->
