<?xml version="1.0" encoding="UTF-8"?>
<!-- Generated by org.testng.reporters.JUnitReportReporter -->
<testsuite hostname="DESKTOP-T2SQGGR" failures="0" tests="1" name="com.nocomerce.user.Level_03_Page_Object" time="2.430" errors="0" timestamp="10 Nov 2021 16:30:53 GMT" skipped="0">
  <testcase classname="com.nocomerce.user.Level_03_Page_Object" name="User_01_Register_Invalid_Email" time="2.430"/>
</testsuite> <!-- com.nocomerce.user.Level_03_Page_Object -->
