<?xml version="1.0" encoding="UTF-8"?>
<!-- Generated by org.testng.reporters.JUnitReportReporter -->
<testsuite hostname="DESKTOP-NB2IE9U" failures="0" tests="3" name="com.nocomerce.user.Level_04_Multiple_Browser" time="2.702" errors="0" timestamp="15 Nov 2021 05:13:52 GMT" skipped="0">
  <testcase classname="com.nocomerce.user.Level_04_Multiple_Browser" name="User_01_Login_Invalid_Email" time="0.640"/>
  <testcase classname="com.nocomerce.user.Level_04_Multiple_Browser" name="User_01_Login_Invalid_Email" time="0.637"/>
  <testcase classname="com.nocomerce.user.Level_04_Multiple_Browser" name="User_01_Login_Invalid_Email" time="1.425"/>
</testsuite> <!-- com.nocomerce.user.Level_04_Multiple_Browser -->
