<?xml version="1.0" encoding="UTF-8"?>
<!-- Generated by org.testng.reporters.JUnitReportReporter -->
<testsuite hostname="DESKTOP-T2SQGGR" failures="0" tests="3" name="com.nocomerce.user.Level_04_Multiple_Browser" time="3.907" errors="0" timestamp="14 Nov 2021 17:39:47 GMT" skipped="0">
  <testcase classname="com.nocomerce.user.Level_04_Multiple_Browser" name="User_01_Login_Invalid_Email" time="1.049"/>
  <testcase classname="com.nocomerce.user.Level_04_Multiple_Browser" name="User_01_Login_Invalid_Email" time="1.028"/>
  <testcase classname="com.nocomerce.user.Level_04_Multiple_Browser" name="User_01_Login_Invalid_Email" time="1.830"/>
</testsuite> <!-- com.nocomerce.user.Level_04_Multiple_Browser -->
