<?xml version="1.0" encoding="UTF-8"?>
<!-- Generated by org.testng.reporters.JUnitReportReporter -->
<<<<<<< HEAD
<testsuite hostname="DESKTOP-T2SQGGR" failures="0" tests="4" name="com.nocomerce.user.Level_04_Multiple_Browser" time="6.148" errors="0" timestamp="16 Nov 2021 17:24:39 GMT" skipped="0">
  <testcase classname="com.nocomerce.user.Level_04_Multiple_Browser" name="User_01_Login_Invalid_Email" time="1.001"/>
  <testcase classname="com.nocomerce.user.Level_04_Multiple_Browser" name="User_01_Login_Invalid_Email" time="1.622"/>
  <testcase classname="com.nocomerce.user.Level_04_Multiple_Browser" name="User_01_Login_Invalid_Email" time="1.834"/>
  <testcase classname="com.nocomerce.user.Level_04_Multiple_Browser" name="User_01_Login_Invalid_Email" time="1.691"/>
=======
<testsuite hostname="DESKTOP-NB2IE9U" failures="0" tests="3" name="com.nocomerce.user.Level_04_Multiple_Browser" time="2.702" errors="0" timestamp="15 Nov 2021 05:13:52 GMT" skipped="0">
  <testcase classname="com.nocomerce.user.Level_04_Multiple_Browser" name="User_01_Login_Invalid_Email" time="0.640"/>
  <testcase classname="com.nocomerce.user.Level_04_Multiple_Browser" name="User_01_Login_Invalid_Email" time="0.637"/>
  <testcase classname="com.nocomerce.user.Level_04_Multiple_Browser" name="User_01_Login_Invalid_Email" time="1.425"/>
>>>>>>> branch 'master' of https://github.com/nguyenphucan24101996/nopcomerce.git
</testsuite> <!-- com.nocomerce.user.Level_04_Multiple_Browser -->
